[2018/12/18 14:29:18] Building VIB package!
[2018/12/18 14:29:18] Running with options:
[2018/12/18 14:29:18]  - tags = '["test", "dreamscape"]'
[2018/12/18 14:29:18]  - vibType = 'bootbank'
[2018/12/18 14:29:18]  - input_type = '0'
[2018/12/18 14:29:18]  - repack = 'false'
[2018/12/18 14:29:18]  - checksums = 'true'
[2018/12/18 14:29:18]  - edit_descriptor = 'false'
[2018/12/18 14:29:18]  - acceptance_level = 'accepted'
[2018/12/18 14:29:18]  - maintenance = 'false'
[2018/12/18 14:29:18]  - cimon = 'false'
[2018/12/18 14:29:18]  - live = 'true'
[2018/12/18 14:29:18]  - stateless = 'true'
[2018/12/18 14:29:18]  - overlay = 'true'
[2018/12/18 14:29:18]  - input_file = '/home/cwalker/projects/dist-vib.tgz'
[2018/12/18 14:29:18]  - output_dir = '/home/cwalker/projects/tmp/vib-out'
[2018/12/18 14:29:18]  - work_dir = '/home/cwalker/projects/tmp/work'
[2018/12/18 14:29:18]  - name = 'ds-distscript_test'
[2018/12/18 14:29:18]  - version = '1.0.0a'
[2018/12/18 14:29:18]  - vendor = 'DreamscapeImmersive'
[2018/12/18 14:29:18]  - summary = 'Its a vib'
[2018/12/18 14:29:18]  - description = 'Test VIB'
[2018/12/18 14:29:18]  - url = 'https://git.distribution.techscapevr.com/os/esx-dist-vib'
[2018/12/18 14:29:18] Deleting Dir: /home/cwalker/projects/tmp/work/vib/
[2018/12/18 14:29:18] Deleting Dir: /home/cwalker/projects/tmp/work/tmp/
[2018/12/18 14:29:18] Deleting Dir: /home/cwalker/projects/tmp/work/oem/
[2018/12/18 14:29:18] Deleting Dir: /home/cwalker/projects/tmp/work
[2018/12/18 14:29:18] Creating Dir: /home/cwalker/projects/tmp/work
[2018/12/18 14:29:18] Creating Dir: /home/cwalker/projects/tmp/work/oem/
[2018/12/18 14:29:18] Creating Dir: /home/cwalker/projects/tmp/work/tmp/
[2018/12/18 14:29:18] Creating Dir: /home/cwalker/projects/tmp/work/vib/
[2018/12/18 14:29:18] Copying /home/cwalker/projects/dist-vib.tgz and unzipping (gunzip)
[2018/12/18 14:29:18] Executing: cd /home/cwalker/projects/tmp/work/tmp/ && gunzip -c /home/cwalker/projects/tmp/work/tmp//oem.tgz > /home/cwalker/projects/tmp/work/tmp//oem.tar
[2018/12/18 14:29:18] 
[2018/12/18 14:29:18] Executing: cd /home/cwalker/projects/tmp/work/oem/ && tar -xvf /home/cwalker/projects/tmp/work/tmp//oem.tar
[2018/12/18 14:29:18] etc/
etc/vmware/
etc/vmware/firewall/
etc/vmware/firewall/logstash.xml
etc/rc.local.d/
etc/rc.local.d/dist.sh
etc/ntp.conf

[2018/12/18 14:29:18] Creating OEM file List
[2018/12/18 14:29:18] Executing: cd /home/cwalker/projects/tmp/work/oem/ && find * -type f
[2018/12/18 14:29:18] etc/vmware/firewall/logstash.xml
etc/rc.local.d/dist.sh
etc/ntp.conf

[2018/12/18 14:29:18] Creating descriptor.xml
[2018/12/18 14:29:18] Creating Empty signature file
[2018/12/18 14:29:18] Adding signature and descriptor to VIB
[2018/12/18 14:29:18] Executing: cd /home/cwalker/projects/tmp/work/vib/ && ar qDv /home/cwalker/projects/tmp/work/ds-dists-1.0.0a.x86_64.vib descriptor.xml sig.pkcs7 /home/cwalker/projects/tmp/work/vib//ds-dists
[2018/12/18 14:29:18] a - descriptor.xml
a - sig.pkcs7
a - /home/cwalker/projects/tmp/work/vib//ds-dists

[2018/12/18 14:29:18] VIB Created! Location: /home/cwalker/projects/tmp/work/ds-dists-1.0.0a.x86_64.vib
